This is XeTeX, Version 3.141592653-2.6-0.999993 (TeX Live 2021) (preloaded format=xelatex 2022.1.27)  3 FEB 2022 20:21
entering extended mode
 restricted \write18 enabled.
 %&-line parsing enabled.
**_main.tex
(./_main.tex
LaTeX2e <2021-11-15> patch level 1
L3 programming layer <2022-01-21> (/home/jose/.TinyTeX/texmf-dist/tex/latex/base/book.cls
Document Class: book 2021/10/04 v1.4n Standard LaTeX document class
(/home/jose/.TinyTeX/texmf-dist/tex/latex/base/bk10.clo
File: bk10.clo 2021/10/04 v1.4n Standard LaTeX file (size option)
)
\c@part=\count181
\c@chapter=\count182
\c@section=\count183
\c@subsection=\count184
\c@subsubsection=\count185
\c@paragraph=\count186
\c@subparagraph=\count187
\c@figure=\count188
\c@table=\count189
\abovecaptionskip=\skip47
\belowcaptionskip=\skip48
\bibindent=\dimen138
) (/home/jose/.TinyTeX/texmf-dist/tex/latex/etoolbox/etoolbox.sty
Package: etoolbox 2020/10/05 v2.5k e-TeX tools for LaTeX (JAW)
\etb@tempcnta=\count190
) (/home/jose/.TinyTeX/texmf-dist/tex/latex/amsmath/amsmath.sty
Package: amsmath 2021/10/15 v2.17l AMS math features
\@mathmargin=\skip49
For additional information on amsmath, use the `?' option.
(/home/jose/.TinyTeX/texmf-dist/tex/latex/amsmath/amstext.sty
Package: amstext 2021/08/26 v2.01 AMS text
(/home/jose/.TinyTeX/texmf-dist/tex/latex/amsmath/amsgen.sty
File: amsgen.sty 1999/11/30 v2.0 generic functions
\@emptytoks=\toks16
\ex@=\dimen139
)) (/home/jose/.TinyTeX/texmf-dist/tex/latex/amsmath/amsbsy.sty
Package: amsbsy 1999/11/29 v1.2d Bold Symbols
\pmbraise@=\dimen140
) (/home/jose/.TinyTeX/texmf-dist/tex/latex/amsmath/amsopn.sty
Package: amsopn 2021/08/26 v2.02 operator names
)
\inf@bad=\count191
LaTeX Info: Redefining \frac on input line 234.
\uproot@=\count192
\leftroot@=\count193
LaTeX Info: Redefining \overline on input line 399.
\classnum@=\count194
\DOTSCASE@=\count195
LaTeX Info: Redefining \ldots on input line 496.
LaTeX Info: Redefining \dots on input line 499.
LaTeX Info: Redefining \cdots on input line 620.
\Mathstrutbox@=\box50
\strutbox@=\box51
\big@size=\dimen141
LaTeX Font Info:    Redeclaring font encoding OML on input line 743.
LaTeX Font Info:    Redeclaring font encoding OMS on input line 744.
\macc@depth=\count196
\c@MaxMatrixCols=\count197
\dotsspace@=\muskip16
\c@parentequation=\count198
\dspbrk@lvl=\count199
\tag@help=\toks17
\row@=\count266
\column@=\count267
\maxfields@=\count268
\andhelp@=\toks18
\eqnshift@=\dimen142
\alignsep@=\dimen143
\tagshift@=\dimen144
\tagwidth@=\dimen145
\totwidth@=\dimen146
\lineht@=\dimen147
\@envbody=\toks19
\multlinegap=\skip50
\multlinetaggap=\skip51
\mathdisplay@stack=\toks20
LaTeX Info: Redefining \[ on input line 2938.
LaTeX Info: Redefining \] on input line 2939.
) (/home/jose/.TinyTeX/texmf-dist/tex/latex/amsfonts/amssymb.sty
Package: amssymb 2013/01/14 v3.01 AMS font symbols
(/home/jose/.TinyTeX/texmf-dist/tex/latex/amsfonts/amsfonts.sty
Package: amsfonts 2013/01/14 v3.01 Basic AMSFonts support
\symAMSa=\mathgroup4
\symAMSb=\mathgroup5
LaTeX Font Info:    Redeclaring math symbol \hbar on input line 98.
LaTeX Font Info:    Overwriting math alphabet `\mathfrak' in version `bold'
(Font)                  U/euf/m/n --> U/euf/b/n on input line 106.
)) (/home/jose/.TinyTeX/texmf-dist/tex/latex/lm/lmodern.sty
Package: lmodern 2015/05/01 v1.6.1 Latin Modern Fonts
LaTeX Font Info:    Overwriting symbol font `operators' in version `normal'
(Font)                  OT1/cmr/m/n --> OT1/lmr/m/n on input line 22.
LaTeX Font Info:    Overwriting symbol font `letters' in version `normal'
(Font)                  OML/cmm/m/it --> OML/lmm/m/it on input line 23.
LaTeX Font Info:    Overwriting symbol font `symbols' in version `normal'
(Font)                  OMS/cmsy/m/n --> OMS/lmsy/m/n on input line 24.
LaTeX Font Info:    Overwriting symbol font `largesymbols' in version `normal'
(Font)                  OMX/cmex/m/n --> OMX/lmex/m/n on input line 25.
LaTeX Font Info:    Overwriting symbol font `operators' in version `bold'
(Font)                  OT1/cmr/bx/n --> OT1/lmr/bx/n on input line 26.
LaTeX Font Info:    Overwriting symbol font `letters' in version `bold'
(Font)                  OML/cmm/b/it --> OML/lmm/b/it on input line 27.
LaTeX Font Info:    Overwriting symbol font `symbols' in version `bold'
(Font)                  OMS/cmsy/b/n --> OMS/lmsy/b/n on input line 28.
LaTeX Font Info:    Overwriting symbol font `largesymbols' in version `bold'
(Font)                  OMX/cmex/m/n --> OMX/lmex/m/n on input line 29.
LaTeX Font Info:    Overwriting math alphabet `\mathbf' in version `normal'
(Font)                  OT1/cmr/bx/n --> OT1/lmr/bx/n on input line 31.
LaTeX Font Info:    Overwriting math alphabet `\mathsf' in version `normal'
(Font)                  OT1/cmss/m/n --> OT1/lmss/m/n on input line 32.
LaTeX Font Info:    Overwriting math alphabet `\mathit' in version `normal'
(Font)                  OT1/cmr/m/it --> OT1/lmr/m/it on input line 33.
LaTeX Font Info:    Overwriting math alphabet `\mathtt' in version `normal'
(Font)                  OT1/cmtt/m/n --> OT1/lmtt/m/n on input line 34.
LaTeX Font Info:    Overwriting math alphabet `\mathbf' in version `bold'
(Font)                  OT1/cmr/bx/n --> OT1/lmr/bx/n on input line 35.
LaTeX Font Info:    Overwriting math alphabet `\mathsf' in version `bold'
(Font)                  OT1/cmss/bx/n --> OT1/lmss/bx/n on input line 36.
LaTeX Font Info:    Overwriting math alphabet `\mathit' in version `bold'
(Font)                  OT1/cmr/bx/it --> OT1/lmr/bx/it on input line 37.
LaTeX Font Info:    Overwriting math alphabet `\mathtt' in version `bold'
(Font)                  OT1/cmtt/m/n --> OT1/lmtt/m/n on input line 38.
) (/home/jose/.TinyTeX/texmf-dist/tex/generic/iftex/iftex.sty
Package: iftex 2020/03/06 v1.0d TeX engine tests
) (/home/jose/.TinyTeX/texmf-dist/tex/latex/unicode-math/unicode-math.sty (/home/jose/.TinyTeX/texmf-dist/tex/latex/l3kernel/expl3.sty
Package: expl3 2022-01-21 L3 programming layer (loader) 
(/home/jose/.TinyTeX/texmf-dist/tex/latex/l3backend/l3backend-xetex.def
File: l3backend-xetex.def 2022-01-12 L3 backend support: XeTeX
(|extractbb --version)
\c__kernel_sys_dvipdfmx_version_int=\count269
\l__color_backend_stack_int=\count270
\g__color_backend_stack_int=\count271
\g__graphics_track_int=\count272
\l__pdf_internal_box=\box52
\g__pdf_backend_object_int=\count273
\g__pdf_backend_annotation_int=\count274
\g__pdf_backend_link_int=\count275
))
Package: unicode-math 2020/01/31 v0.8q Unicode maths in XeLaTeX and LuaLaTeX
(/home/jose/.TinyTeX/texmf-dist/tex/latex/unicode-math/unicode-math-xetex.sty
Package: unicode-math-xetex 2020/01/31 v0.8q Unicode maths in XeLaTeX and LuaLaTeX
(/home/jose/.TinyTeX/texmf-dist/tex/latex/l3packages/xparse/xparse.sty
Package: xparse 2022-01-12 L3 Experimental document command parser
) (/home/jose/.TinyTeX/texmf-dist/tex/latex/l3packages/l3keys2e/l3keys2e.sty
Package: l3keys2e 2022-01-12 LaTeX2e option processing using LaTeX3 keys
) (/home/jose/.TinyTeX/texmf-dist/tex/latex/fontspec/fontspec.sty
Package: fontspec 2022/01/15 v2.8a Font selection for XeLaTeX and LuaLaTeX
(/home/jose/.TinyTeX/texmf-dist/tex/latex/fontspec/fontspec-xetex.sty
Package: fontspec-xetex 2022/01/15 v2.8a Font selection for XeLaTeX and LuaLaTeX
\l__fontspec_script_int=\count276
\l__fontspec_language_int=\count277
\l__fontspec_strnum_int=\count278
\l__fontspec_tmp_int=\count279
\l__fontspec_tmpa_int=\count280
\l__fontspec_tmpb_int=\count281
\l__fontspec_tmpc_int=\count282
\l__fontspec_em_int=\count283
\l__fontspec_emdef_int=\count284
\l__fontspec_strong_int=\count285
\l__fontspec_strongdef_int=\count286
\l__fontspec_tmpa_dim=\dimen148
\l__fontspec_tmpb_dim=\dimen149
\l__fontspec_tmpc_dim=\dimen150
(/home/jose/.TinyTeX/texmf-dist/tex/latex/base/fontenc.sty
Package: fontenc 2021/04/29 v2.0v Standard LaTeX package
) (/home/jose/.TinyTeX/texmf-dist/tex/latex/fontspec/fontspec.cfg))) (/home/jose/.TinyTeX/texmf-dist/tex/latex/base/fix-cm.sty
Package: fix-cm 2020/11/24 v1.1t fixes to LaTeX
(/home/jose/.TinyTeX/texmf-dist/tex/latex/base/ts1enc.def
File: ts1enc.def 2001/06/05 v3.0e (jk/car/fm) Standard LaTeX file
LaTeX Font Info:    Redeclaring font encoding TS1 on input line 47.
))
\g__um_fam_int=\count287
\g__um_fonts_used_int=\count288
\l__um_primecount_int=\count289
\g__um_primekern_muskip=\muskip17
(/home/jose/.TinyTeX/texmf-dist/tex/latex/unicode-math/unicode-math-table.tex)))

Package fontspec Info: Times New Roman scale = 0.963629354430423.


Package fontspec Info: Times New Roman scale = 0.963629354430423.


Package fontspec Info: Times New Roman/B scale = 0.944047646899576.


Package fontspec Info: Times New Roman/I scale = 0.9753419359739781.


Package fontspec Info: Times New Roman/BI scale = 0.9521947404438363.


Package fontspec Info: Font family 'TimesNewRoman(0)' created for font 'Times
(fontspec)             New Roman' with options
(fontspec)             [Scale=MatchLowercase,Ligatures=TeX,Scale=1].
(fontspec)              
(fontspec)              This font family consists of the following NFSS
(fontspec)             series/shapes:
(fontspec)              
(fontspec)             - 'normal' (m/n) with NFSS spec.: <->s*[1]"Times New
(fontspec)             Roman/OT:language=dflt;mapping=tex-text;"
(fontspec)             - 'small caps'  (m/sc) with NFSS spec.: 
(fontspec)             - 'bold' (b/n) with NFSS spec.: <->s*[1]"Times New
(fontspec)             Roman/B/OT:language=dflt;mapping=tex-text;"
(fontspec)             - 'bold small caps'  (b/sc) with NFSS spec.: 
(fontspec)             - 'italic' (m/it) with NFSS spec.: <->s*[1]"Times New
(fontspec)             Roman/I/OT:language=dflt;mapping=tex-text;"
(fontspec)             - 'italic small caps'  (m/scit) with NFSS spec.: 
(fontspec)             - 'bold italic' (b/it) with NFSS spec.: <->s*[1]"Times
(fontspec)             New Roman/BI/OT:language=dflt;mapping=tex-text;"
(fontspec)             - 'bold italic small caps'  (b/scit) with NFSS spec.: 

LaTeX Font Info:    Font shape `TU/TimesNewRoman(0)/m/n' will be
(Font)              scaled to size 10.0pt on input line 32.

Package fontspec Info: Times New Roman scale = 0.9999965884395865.


Package fontspec Info: Times New Roman scale = 0.9999965884395865.


Package fontspec Info: Times New Roman/B scale = 0.9796758700672793.


Package fontspec Info: Times New Roman/I scale = 1.012151201135355.


Package fontspec Info: Times New Roman/BI scale = 0.9881304337566285.


Package fontspec Info: Font family 'TimesNewRoman(1)' created for font 'Times
(fontspec)             New Roman' with options [Scale=MatchLowercase].
(fontspec)              
(fontspec)              This font family consists of the following NFSS
(fontspec)             series/shapes:
(fontspec)              
(fontspec)             - 'normal' (m/n) with NFSS spec.:
(fontspec)             <->s*[0.9999965884395865]"Times New
(fontspec)             Roman/OT:language=dflt;"
(fontspec)             - 'small caps'  (m/sc) with NFSS spec.: 
(fontspec)             - 'bold' (b/n) with NFSS spec.:
(fontspec)             <->s*[0.9796758700672793]"Times New
(fontspec)             Roman/B/OT:language=dflt;"
(fontspec)             - 'bold small caps'  (b/sc) with NFSS spec.: 
(fontspec)             - 'italic' (m/it) with NFSS spec.:
(fontspec)             <->s*[1.012151201135355]"Times New
(fontspec)             Roman/I/OT:language=dflt;"
(fontspec)             - 'italic small caps'  (m/scit) with NFSS spec.: 
(fontspec)             - 'bold italic' (b/it) with NFSS spec.:
(fontspec)             <->s*[0.9881304337566285]"Times New
(fontspec)             Roman/BI/OT:language=dflt;"
(fontspec)             - 'bold italic small caps'  (b/scit) with NFSS spec.: 

LaTeX Font Info:    Overwriting math alphabet `\mathrm' in version `normal'
(Font)                  OT1/lmr/m/n --> TU/TimesNewRoman(1)/m/n on input line 32.
LaTeX Font Info:    Overwriting math alphabet `\mathit' in version `normal'
(Font)                  OT1/lmr/m/it --> TU/TimesNewRoman(1)/m/it on input line 32.
LaTeX Font Info:    Overwriting math alphabet `\mathbf' in version `normal'
(Font)                  OT1/lmr/bx/n --> TU/TimesNewRoman(1)/b/n on input line 32.
(/home/jose/.TinyTeX/texmf-dist/tex/latex/xcolor/xcolor.sty
Package: xcolor 2021/10/31 v2.13 LaTeX color extensions (UK)
(/home/jose/.TinyTeX/texmf-dist/tex/latex/graphics-cfg/color.cfg
File: color.cfg 2016/01/02 v1.6 sample color configuration
)
Package xcolor Info: Driver file: xetex.def on input line 227.
(/home/jose/.TinyTeX/texmf-dist/tex/latex/graphics-def/xetex.def
File: xetex.def 2021/03/18 v5.0k Graphics/color driver for xetex
)
Package xcolor Info: Model `cmy' substituted by `cmy0' on input line 1352.
Package xcolor Info: Model `RGB' extended on input line 1368.
Package xcolor Info: Model `HTML' substituted by `rgb' on input line 1370.
Package xcolor Info: Model `Hsb' substituted by `hsb' on input line 1371.
Package xcolor Info: Model `tHsb' substituted by `hsb' on input line 1372.
Package xcolor Info: Model `HSB' substituted by `hsb' on input line 1373.
Package xcolor Info: Model `Gray' substituted by `gray' on input line 1374.
Package xcolor Info: Model `wave' substituted by `hsb' on input line 1375.
) (/home/jose/.TinyTeX/texmf-dist/tex/latex/hyperref/hyperref.sty
Package: hyperref 2021-06-07 v7.00m Hypertext links for LaTeX
(/home/jose/.TinyTeX/texmf-dist/tex/generic/ltxcmds/ltxcmds.sty
Package: ltxcmds 2020-05-10 v1.25 LaTeX kernel commands for general use (HO)
) (/home/jose/.TinyTeX/texmf-dist/tex/generic/pdftexcmds/pdftexcmds.sty
Package: pdftexcmds 2020-06-27 v0.33 Utility functions of pdfTeX for LuaTeX (HO)
(/home/jose/.TinyTeX/texmf-dist/tex/generic/infwarerr/infwarerr.sty
Package: infwarerr 2019/12/03 v1.5 Providing info/warning/error messages (HO)
)
Package pdftexcmds Info: \pdf@primitive is available.
Package pdftexcmds Info: \pdf@ifprimitive is available.
Package pdftexcmds Info: \pdfdraftmode not found.
) (/home/jose/.TinyTeX/texmf-dist/tex/latex/graphics/keyval.sty
Package: keyval 2014/10/28 v1.15 key=value parser (DPC)
\KV@toks@=\toks21
) (/home/jose/.TinyTeX/texmf-dist/tex/generic/kvsetkeys/kvsetkeys.sty
Package: kvsetkeys 2019/12/15 v1.18 Key value parser (HO)
) (/home/jose/.TinyTeX/texmf-dist/tex/generic/kvdefinekeys/kvdefinekeys.sty
Package: kvdefinekeys 2019-12-19 v1.6 Define keys (HO)
) (/home/jose/.TinyTeX/texmf-dist/tex/generic/pdfescape/pdfescape.sty
Package: pdfescape 2019/12/09 v1.15 Implements pdfTeX's escape features (HO)
) (/home/jose/.TinyTeX/texmf-dist/tex/latex/hycolor/hycolor.sty
Package: hycolor 2020-01-27 v1.10 Color options for hyperref/bookmark (HO)
) (/home/jose/.TinyTeX/texmf-dist/tex/latex/letltxmacro/letltxmacro.sty
Package: letltxmacro 2019/12/03 v1.6 Let assignment for LaTeX macros (HO)
) (/home/jose/.TinyTeX/texmf-dist/tex/latex/auxhook/auxhook.sty
Package: auxhook 2019-12-17 v1.6 Hooks for auxiliary files (HO)
) (/home/jose/.TinyTeX/texmf-dist/tex/latex/kvoptions/kvoptions.sty
Package: kvoptions 2020-10-07 v3.14 Key value format for package options (HO)
)
\@linkdim=\dimen151
\Hy@linkcounter=\count290
\Hy@pagecounter=\count291
(/home/jose/.TinyTeX/texmf-dist/tex/latex/hyperref/pd1enc.def
File: pd1enc.def 2021-06-07 v7.00m Hyperref: PDFDocEncoding definition (HO)
) (/home/jose/.TinyTeX/texmf-dist/tex/latex/hyperref/hyperref-langpatches.def
File: hyperref-langpatches.def 2021-06-07 v7.00m Hyperref: patches for babel languages
) (/home/jose/.TinyTeX/texmf-dist/tex/generic/intcalc/intcalc.sty
Package: intcalc 2019/12/15 v1.3 Expandable calculations with integers (HO)
) (/home/jose/.TinyTeX/texmf-dist/tex/generic/etexcmds/etexcmds.sty
Package: etexcmds 2019/12/15 v1.7 Avoid name clashes with e-TeX commands (HO)
)
\Hy@SavedSpaceFactor=\count292
(/home/jose/.TinyTeX/texmf-dist/tex/latex/hyperref/puenc.def
File: puenc.def 2021-06-07 v7.00m Hyperref: PDF Unicode definition (HO)
)
Package hyperref Info: Option `unicode' set `true' on input line 4073.
Package hyperref Info: Hyper figures OFF on input line 4192.
Package hyperref Info: Link nesting OFF on input line 4197.
Package hyperref Info: Hyper index ON on input line 4200.
Package hyperref Info: Plain pages OFF on input line 4207.
Package hyperref Info: Backreferencing OFF on input line 4212.
Package hyperref Info: Implicit mode ON; LaTeX internals redefined.
Package hyperref Info: Bookmarks ON on input line 4445.
\c@Hy@tempcnt=\count293
(/home/jose/.TinyTeX/texmf-dist/tex/latex/url/url.sty
\Urlmuskip=\muskip18
Package: url 2013/09/16  ver 3.4  Verb mode for urls, etc.
)
LaTeX Info: Redefining \url on input line 4804.
\XeTeXLinkMargin=\dimen152
(/home/jose/.TinyTeX/texmf-dist/tex/generic/bitset/bitset.sty
Package: bitset 2019/12/09 v1.3 Handle bit-vector datatype (HO)
(/home/jose/.TinyTeX/texmf-dist/tex/generic/bigintcalc/bigintcalc.sty
Package: bigintcalc 2019/12/15 v1.5 Expandable calculations on big integers (HO)
))
\Fld@menulength=\count294
\Field@Width=\dimen153
\Fld@charsize=\dimen154
Package hyperref Info: Hyper figures OFF on input line 6076.
Package hyperref Info: Link nesting OFF on input line 6081.
Package hyperref Info: Hyper index ON on input line 6084.
Package hyperref Info: backreferencing OFF on input line 6091.
Package hyperref Info: Link coloring OFF on input line 6096.
Package hyperref Info: Link coloring with OCG OFF on input line 6101.
Package hyperref Info: PDF/A mode OFF on input line 6106.
LaTeX Info: Redefining \ref on input line 6146.
LaTeX Info: Redefining \pageref on input line 6150.
(/home/jose/.TinyTeX/texmf-dist/tex/latex/base/atbegshi-ltx.sty
Package: atbegshi-ltx 2021/01/10 v1.0c Emulation of the original atbegshi
package with kernel methods
)
\Hy@abspage=\count295
\c@Item=\count296
\c@Hfootnote=\count297
)
Package hyperref Info: Driver (autodetected): hxetex.
(/home/jose/.TinyTeX/texmf-dist/tex/latex/hyperref/hxetex.def
File: hxetex.def 2021-06-07 v7.00m Hyperref driver for XeTeX
(/home/jose/.TinyTeX/texmf-dist/tex/generic/stringenc/stringenc.sty
Package: stringenc 2019/11/29 v1.12 Convert strings between diff. encodings (HO)
)
\pdfm@box=\box53
\c@Hy@AnnotLevel=\count298
\HyField@AnnotCount=\count299
\Fld@listcount=\count300
\c@bookmark@seq@number=\count301
(/home/jose/.TinyTeX/texmf-dist/tex/latex/rerunfilecheck/rerunfilecheck.sty
Package: rerunfilecheck 2019/12/05 v1.9 Rerun checks for auxiliary files (HO)
(/home/jose/.TinyTeX/texmf-dist/tex/latex/base/atveryend-ltx.sty
Package: atveryend-ltx 2020/08/19 v1.0a Emulation of the original atveryend package
with kernel methods
) (/home/jose/.TinyTeX/texmf-dist/tex/generic/uniquecounter/uniquecounter.sty
Package: uniquecounter 2019/12/15 v1.4 Provide unlimited unique counter (HO)
)
Package uniquecounter Info: New unique counter `rerunfilecheck' on input line 286.
)
\Hy@SectionHShift=\skip52
) (/home/jose/.TinyTeX/texmf-dist/tex/latex/geometry/geometry.sty
Package: geometry 2020/01/02 v5.9 Page Geometry
(/home/jose/.TinyTeX/texmf-dist/tex/generic/iftex/ifvtex.sty
Package: ifvtex 2019/10/25 v1.7 ifvtex legacy package. Use iftex instead.
)
\Gm@cnth=\count302
\Gm@cntv=\count303
\c@Gm@tempcnt=\count304
\Gm@bindingoffset=\dimen155
\Gm@wd@mp=\dimen156
\Gm@odd@mp=\dimen157
\Gm@even@mp=\dimen158
\Gm@layoutwidth=\dimen159
\Gm@layoutheight=\dimen160
\Gm@layouthoffset=\dimen161
\Gm@layoutvoffset=\dimen162
\Gm@dimlist=\toks22
) (/home/jose/.TinyTeX/texmf-dist/tex/latex/tools/longtable.sty
Package: longtable 2021-09-01 v4.17 Multi-page Table package (DPC)
\LTleft=\skip53
\LTright=\skip54
\LTpre=\skip55
\LTpost=\skip56
\LTchunksize=\count305
\LTcapwidth=\dimen163
\LT@head=\box54
\LT@firsthead=\box55
\LT@foot=\box56
\LT@lastfoot=\box57
\LT@gbox=\box58
\LT@cols=\count306
\LT@rows=\count307
\c@LT@tables=\count308
\c@LT@chunks=\count309
\LT@p@ftn=\toks23
) (/home/jose/.TinyTeX/texmf-dist/tex/latex/booktabs/booktabs.sty
Package: booktabs 2020/01/12 v1.61803398 Publication quality tables
\heavyrulewidth=\dimen164
\lightrulewidth=\dimen165
\cmidrulewidth=\dimen166
\belowrulesep=\dimen167
\belowbottomsep=\dimen168
\aboverulesep=\dimen169
\abovetopsep=\dimen170
\cmidrulesep=\dimen171
\cmidrulekern=\dimen172
\defaultaddspace=\dimen173
\@cmidla=\count310
\@cmidlb=\count311
\@aboverulesep=\dimen174
\@belowrulesep=\dimen175
\@thisruleclass=\count312
\@lastruleclass=\count313
\@thisrulewidth=\dimen176
) (/home/jose/.TinyTeX/texmf-dist/tex/latex/tools/array.sty
Package: array 2021/10/04 v2.5f Tabular extension package (FMi)
\col@sep=\dimen177
\ar@mcellbox=\box59
\extrarowheight=\dimen178
\NC@list=\toks24
\extratabsurround=\skip57
\backup@length=\skip58
\ar@cellbox=\box60
) (/home/jose/.TinyTeX/texmf-dist/tex/latex/tools/calc.sty
Package: calc 2017/05/25 v4.3 Infix arithmetic (KKT,FJ)
\calc@Acount=\count314
\calc@Bcount=\count315
\calc@Adimen=\dimen179
\calc@Bdimen=\dimen180
\calc@Askip=\skip59
\calc@Bskip=\skip60
LaTeX Info: Redefining \setlength on input line 80.
LaTeX Info: Redefining \addtolength on input line 81.
\calc@Ccount=\count316
\calc@Cskip=\skip61
) (/home/jose/.TinyTeX/texmf-dist/tex/latex/mdwtools/footnote.sty
Package: footnote 1997/01/28 1.13 Save footnotes around boxes
\fn@notes=\box61
\fn@width=\dimen181
) (/home/jose/.TinyTeX/texmf-dist/tex/latex/graphics/graphicx.sty
Package: graphicx 2021/09/16 v1.2d Enhanced LaTeX Graphics (DPC,SPQR)
(/home/jose/.TinyTeX/texmf-dist/tex/latex/graphics/graphics.sty
Package: graphics 2021/03/04 v1.4d Standard LaTeX Graphics (DPC,SPQR)
(/home/jose/.TinyTeX/texmf-dist/tex/latex/graphics/trig.sty
Package: trig 2021/08/11 v1.11 sin cos tan (DPC)
) (/home/jose/.TinyTeX/texmf-dist/tex/latex/graphics-cfg/graphics.cfg
File: graphics.cfg 2016/06/04 v1.11 sample graphics configuration
)
Package graphics Info: Driver file: xetex.def on input line 107.
)
\Gin@req@height=\dimen182
\Gin@req@width=\dimen183
) (/home/jose/.TinyTeX/texmf-dist/tex/latex/hyphenat/hyphenat.sty
Package: hyphenat 2009/09/02 v2.3c hyphenation utilities
\langwohyphens=\language4
LaTeX Info: Redefining \_ on input line 43.
) (/home/jose/.TinyTeX/texmf-dist/tex/latex/blindtext/blindtext.sty
Package: blindtext 2012/01/06 V2.0 blindtext-Package
(/home/jose/.TinyTeX/texmf-dist/tex/latex/tools/xspace.sty
Package: xspace 2014/10/28 v1.13 Space after command names (DPC,MH)
)
\c@blindtext=\count317
\c@Blindtext=\count318
\c@blind@countparstart=\count319
\blind@countxx=\count320
\blindtext@numBlindtext=\count321
\blind@countyy=\count322
\c@blindlist=\count323
\c@blindlistlevel=\count324
\c@blindlist@level=\count325
\blind@listitem=\count326
\c@blind@listcount=\count327
\c@blind@levelcount=\count328
\blind@mathformula=\count329
\blind@Mathformula=\count330
\c@blind@randomcount=\count331
\c@blind@randommax=\count332
\c@blind@pangramcount=\count333
\c@blind@pangrammax=\count334
) (/home/jose/.TinyTeX/texmf-dist/tex/latex/base/inputenc.sty
Package: inputenc 2021/02/14 v1.3d Input encoding file
\inpenc@prehook=\toks25
\inpenc@posthook=\toks26

Package inputenc Warning: inputenc package ignored with utf8 based engines.

) (/home/jose/.TinyTeX/texmf-dist/tex/latex/koma-script/scrlayer-scrpage.sty
Package: scrlayer-scrpage 2021/11/13 v3.35 KOMA-Script package (end user interface for scrlayer)
(/home/jose/.TinyTeX/texmf-dist/tex/latex/koma-script/scrlayer.sty
Package: scrlayer 2021/11/13 v3.35 KOMA-Script package (defining layers and page styles)
(/home/jose/.TinyTeX/texmf-dist/tex/latex/koma-script/scrkbase.sty
Package: scrkbase 2021/11/13 v3.35 KOMA-Script package (KOMA-Script-dependent basics and keyval usage)
(/home/jose/.TinyTeX/texmf-dist/tex/latex/koma-script/scrbase.sty
Package: scrbase 2021/11/13 v3.35 KOMA-Script package (KOMA-Script-independent basics and keyval usage)
(/home/jose/.TinyTeX/texmf-dist/tex/latex/koma-script/scrlfile.sty
Package: scrlfile 2021/11/13 v3.35 KOMA-Script package (file load hooks)
(/home/jose/.TinyTeX/texmf-dist/tex/latex/koma-script/scrlfile-hook.sty
Package: scrlfile-hook 2021/11/13 v3.35 KOMA-Script package (using LaTeX hooks)
(/home/jose/.TinyTeX/texmf-dist/tex/latex/koma-script/scrlogo.sty
Package: scrlogo 2021/11/13 v3.35 KOMA-Script package (logo)
)))
Applying: [2021/05/01] Usage of raw or classic option list on input line 252.
Already applied: [0000/00/00] Usage of raw or classic option list on input line 368.
))
\footheight=\skip62
Package scrlayer Info: patching LaTeX kernel macro \pagestyle on input line 2162.
))
Package scrlayer-scrpage Info: auto-selection of `pagestyleset=standard'.
(/home/jose/.TinyTeX/texmf-dist/tex/latex/lipsum/lipsum.sty
Package: lipsum 2021-09-20 v2.7 150 paragraphs of Lorem Ipsum dummy text
\g__lipsum_par_int=\count335
\l__lipsum_a_int=\count336
\l__lipsum_b_int=\count337
(/home/jose/.TinyTeX/texmf-dist/tex/latex/lipsum/lipsum.ltd.tex)) (/home/jose/.TinyTeX/texmf-dist/tex/latex/multirow/multirow.sty
Package: multirow 2021/03/15 v2.8 Span multiple rows of a table
\multirow@colwidth=\skip63
\multirow@cntb=\count338
\multirow@dima=\skip64
\bigstrutjot=\dimen184
) (/home/jose/.TinyTeX/texmf-dist/tex/latex/wrapfig/wrapfig.sty
\wrapoverhang=\dimen185
\WF@size=\dimen186
\c@WF@wrappedlines=\count339
\WF@box=\box62
\WF@everypar=\toks27
Package: wrapfig 2003/01/31  v 3.6
) (/home/jose/.TinyTeX/texmf-dist/tex/latex/float/float.sty
Package: float 2001/11/08 v1.3d Float enhancements (AL)
\c@float@type=\count340
\float@exts=\toks28
\float@box=\box63
\@float@everytoks=\toks29
\@floatcapt=\box64
) (/home/jose/.TinyTeX/texmf-dist/tex/latex/colortbl/colortbl.sty
Package: colortbl 2020/01/04 v1.0e Color table columns (DPC)
\everycr=\toks30
\minrowclearance=\skip65
) (/home/jose/.TinyTeX/texmf-dist/tex/latex/pdflscape/pdflscape.sty
Package: pdflscape 2019/12/05 v0.12 Display of landscape pages in PDF (HO)
(/home/jose/.TinyTeX/texmf-dist/tex/latex/graphics/lscape.sty
Package: lscape 2020/05/28 v3.02 Landscape Pages (DPC)
)
Package pdflscape Info: Auto-detected driver: dvipdfm (xetex) on input line 98.
) (/home/jose/.TinyTeX/texmf-dist/tex/latex/tabu/tabu.sty
Package: tabu 2019/01/11 v2.9 - flexible LaTeX tabulars (FC+tabu-fixed)
(/home/jose/.TinyTeX/texmf-dist/tex/latex/varwidth/varwidth.sty
Package: varwidth 2009/03/30 ver 0.92;  Variable-width minipages
\@vwid@box=\box65
\sift@deathcycles=\count341
\@vwid@loff=\dimen187
\@vwid@roff=\dimen188
)
\c@taburow=\count342
\tabu@nbcols=\count343
\tabu@cnt=\count344
\tabu@Xcol=\count345
\tabu@alloc=\count346
\tabu@nested=\count347
\tabu@target=\dimen189
\tabu@spreadtarget=\dimen190
\tabu@naturalX=\dimen191
\tabucolX=\dimen192
\tabu@Xsum=\dimen193
\extrarowdepth=\dimen194
\abovetabulinesep=\dimen195
\belowtabulinesep=\dimen196
\tabustrutrule=\dimen197
\tabu@thebody=\toks31
\tabu@footnotes=\toks32
\tabu@box=\box66
\tabu@arstrutbox=\box67
\tabu@hleads=\box68
\tabu@vleads=\box69
\tabu@cellskip=\skip66
) (/home/jose/.TinyTeX/texmf-dist/tex/latex/threeparttable/threeparttable.sty
Package: threeparttable 2003/06/13  v 3.0
\@tempboxb=\box70
) (/home/jose/.TinyTeX/texmf-dist/tex/latex/threeparttablex/threeparttablex.sty
Package: threeparttablex 2013/07/23 v0.3 by daleif
(/home/jose/.TinyTeX/texmf-dist/tex/latex/environ/environ.sty
Package: environ 2014/05/04 v0.3 A new way to define environments
(/home/jose/.TinyTeX/texmf-dist/tex/latex/trimspaces/trimspaces.sty
Package: trimspaces 2009/09/17 v1.1 Trim spaces around a token list
))
\TPTL@width=\skip67
) (/home/jose/.TinyTeX/texmf-dist/tex/generic/ulem/ulem.sty
\UL@box=\box71
\UL@hyphenbox=\box72
\UL@skip=\skip68
\UL@hook=\toks33
\UL@height=\dimen198
\UL@pe=\count348
\UL@pixel=\dimen199
\ULC@box=\box73
Package: ulem 2019/11/18
\ULdepth=\dimen256
) (/home/jose/.TinyTeX/texmf-dist/tex/latex/makecell/makecell.sty
Package: makecell 2009/08/03 V0.1e Managing of Tab Column Heads and Cells
\rotheadsize=\dimen257
\c@nlinenum=\count349
\TeXr@lab=\toks34
) (/home/jose/.TinyTeX/texmf-dist/tex/latex/tools/multicol.sty
Package: multicol 2021/10/28 v1.9b multicolumn formatting (FMi)
\c@tracingmulticols=\count350
\mult@box=\box74
\multicol@leftmargin=\dimen258
\c@unbalance=\count351
\c@collectmore=\count352
\doublecol@number=\count353
\multicoltolerance=\count354
\multicolpretolerance=\count355
\full@width=\dimen259
\page@free=\dimen260
\premulticols=\dimen261
\postmulticols=\dimen262
\multicolsep=\skip69
\multicolbaselineskip=\skip70
\partial@page=\box75
\last@line=\box76
\maxbalancingoverflow=\dimen263
\mult@rightbox=\box77
\mult@grightbox=\box78
\mult@firstbox=\box79
\mult@gfirstbox=\box80
\@tempa=\box81
\@tempa=\box82
\@tempa=\box83
\@tempa=\box84
\@tempa=\box85
\@tempa=\box86
\@tempa=\box87
\@tempa=\box88
\@tempa=\box89
\@tempa=\box90
\@tempa=\box91
\@tempa=\box92
\@tempa=\box93
\@tempa=\box94
\@tempa=\box95
\@tempa=\box96
\@tempa=\box97
\@tempa=\box98
\@tempa=\box99
\@tempa=\box100
\@tempa=\box101
\@tempa=\box102
\@tempa=\box103
\@tempa=\box104
\@tempa=\box105
\@tempa=\box106
\@tempa=\box107
\@tempa=\box108
\@tempa=\box109
\@tempa=\box110
\@tempa=\box111
\@tempa=\box112
\@tempa=\box113
\@tempa=\box114
\@tempa=\box115
\@tempa=\box116
\c@minrows=\count356
\c@columnbadness=\count357
\c@finalcolumnbadness=\count358
\last@try=\dimen264
\multicolovershoot=\dimen265
\multicolundershoot=\dimen266
\mult@nat@firstbox=\box117
\colbreak@box=\box118
\mc@col@check@num=\count359
) (/home/jose/.TinyTeX/texmf-dist/tex/latex/tools/hhline.sty
Package: hhline 2020/01/04 v2.04 Table rule package (DPC)
) (/home/jose/.TinyTeX/texmf-dist/tex/latex/polyglossia/polyglossia.sty
Package: polyglossia 2021/04/12 v1.53 Modern multilingual typesetting with XeLaTeX and LuaLaTeX
(/home/jose/.TinyTeX/texmf-dist/tex/latex/makecmds/makecmds.sty
Package: makecmds 2009/09/03 v1.0a extra command making commands
) (/home/jose/.TinyTeX/texmf-dist/tex/latex/xkeyval/xkeyval.sty
Package: xkeyval 2020/11/20 v2.8 package option processing (HA)
(/home/jose/.TinyTeX/texmf-dist/tex/generic/xkeyval/xkeyval.tex (/home/jose/.TinyTeX/texmf-dist/tex/generic/xkeyval/xkvutils.tex
\XKV@toks=\toks35
\XKV@tempa@toks=\toks36
)
\XKV@depth=\count360
File: xkeyval.tex 2014/12/03 v2.7a key=value parser (HA)
))

LaTeX hooks Warning: Generic hook 'file/after/tracklang.sty' is deprecated.
(hooks)              Use hook 'file/tracklang.sty/after' instead.


LaTeX hooks Warning: Generic hook 'package/after/bidi' is deprecated.
(hooks)              Use hook 'package/bidi/after' instead.


LaTeX hooks Warning: Generic hook 'package/after/luabidi' is deprecated.
(hooks)              Use hook 'package/luabidi/after' instead.

\xpg@normalclass=\XeTeXcharclass1
(/home/jose/.TinyTeX/texmf-dist/tex/latex/polyglossia/gloss-latex.ldf
File: gloss-latex.ldf polyglossia: module for default language
The property list \polyglossia@langsetup contains the pairs (without outer
braces):
>  {latex/script}  =>  {latin}
>  {latex/lcscript}  =>  {latin}
>  {latex/scripttag}  =>  {}
>  {latex/language}  =>  {Latex}
>  {latex/langtag}  =>  {ENG}
>  {latex/bcp47}  =>  {}
>  {latex/hyphennames}  =>  {english}
>  {latex/direction}  =>  {LR}
>  {latex/hyphenmins}  =>  {2,3}
>  {latex/frenchspacing}  =>  {false}
>  {latex/indentfirst}  =>  {false}
>  {latex/fontsetup}  =>  {true}
>  {latex/envname}  =>  {latex}
>  {latex/babelname}  =>  {latex}
>  {latex/localnumeral}  =>  {polyglossia@C@localnumeral}
>  {latex/Localnumeral}  =>  {polyglossia@C@localnumeral}.
)
Package polyglossia Info: Default language is latex.
) (/home/jose/.TinyTeX/texmf-dist/tex/latex/polyglossia/gloss-spanish.ldf
File: gloss-spanish.ldf polyglossia: module for spanish
The property list \polyglossia@langsetup contains the pairs (without outer
braces):
>  {latex/script}  =>  {latin}
>  {latex/lcscript}  =>  {latin}
>  {latex/scripttag}  =>  {}
>  {latex/language}  =>  {Latex}
>  {latex/langtag}  =>  {ENG}
>  {latex/bcp47}  =>  {}
>  {latex/hyphennames}  =>  {english}
>  {latex/direction}  =>  {LR}
>  {latex/hyphenmins}  =>  {2,3}
>  {latex/frenchspacing}  =>  {false}
>  {latex/indentfirst}  =>  {false}
>  {latex/fontsetup}  =>  {true}
>  {latex/envname}  =>  {latex}
>  {latex/babelname}  =>  {latex}
>  {latex/localnumeral}  =>  {polyglossia@C@localnumeral}
>  {latex/Localnumeral}  =>  {polyglossia@C@localnumeral}
>  {spanish/script}  =>  {latin}
>  {spanish/lcscript}  =>  {latin}
>  {spanish/scripttag}  =>  {}
>  {spanish/language}  =>  {Spanish}
>  {spanish/langtag}  =>  {ESP}
>  {spanish/bcp47}  =>  {es-ES}
>  {spanish/hyphennames}  =>  {spanish}
>  {spanish/direction}  =>  {LR}
>  {spanish/hyphenmins}  =>  {2,2}
>  {spanish/frenchspacing}  =>  {true}
>  {spanish/indentfirst}  =>  {true}
>  {spanish/fontsetup}  =>  {true}
>  {spanish/envname}  =>  {spanish}
>  {spanish/babelname}  =>  {spanish}
>  {spanish/localnumeral}  =>  {polyglossia@C@localnumeral}
>  {spanish/Localnumeral}  =>  {polyglossia@C@localnumeral}
>  {spanish/totalhyphenmin}  =>  {5}.
Package polyglossia Info: Option: spanish, variant=spanish.
Package polyglossia Info: Option: Spanish, spanishoperators=none.
)
Package polyglossia Info: Default language is spanish.
(/home/jose/.TinyTeX/texmf-dist/tex/latex/natbib/natbib.sty
Package: natbib 2010/09/13 8.31b (PWD, AO)
\bibhang=\skip71
\bibsep=\skip72
LaTeX Info: Redefining \cite on input line 694.
\c@NAT@ctr=\count361
)

LaTeX Warning: Unused global option(s):
    [10].

(./_main.aux
LaTeX Info: Redefining \rmfamily on input line 20.
LaTeX Info: Redefining \sffamily on input line 20.
LaTeX Info: Redefining \ttfamily on input line 20.

LaTeX Warning: Label `contenedores' multiply defined.

)
\openout1 = `_main.aux'.

LaTeX Font Info:    Checking defaults for OML/cmm/m/it on input line 140.
LaTeX Font Info:    ... okay on input line 140.
LaTeX Font Info:    Checking defaults for OMS/cmsy/m/n on input line 140.
LaTeX Font Info:    ... okay on input line 140.
LaTeX Font Info:    Checking defaults for OT1/cmr/m/n on input line 140.
LaTeX Font Info:    ... okay on input line 140.
LaTeX Font Info:    Checking defaults for T1/cmr/m/n on input line 140.
LaTeX Font Info:    ... okay on input line 140.
LaTeX Font Info:    Checking defaults for TS1/cmr/m/n on input line 140.
LaTeX Font Info:    ... okay on input line 140.
LaTeX Font Info:    Checking defaults for TU/lmr/m/n on input line 140.
LaTeX Font Info:    ... okay on input line 140.
LaTeX Font Info:    Checking defaults for OMX/cmex/m/n on input line 140.
LaTeX Font Info:    ... okay on input line 140.
LaTeX Font Info:    Checking defaults for U/cmr/m/n on input line 140.
LaTeX Font Info:    ... okay on input line 140.
LaTeX Font Info:    Checking defaults for PD1/pdf/m/n on input line 140.
LaTeX Font Info:    ... okay on input line 140.
LaTeX Font Info:    Checking defaults for PU/pdf/m/n on input line 140.
LaTeX Font Info:    ... okay on input line 140.
LaTeX Font Info:    Overwriting math alphabet `\mathsf' in version `normal'
(Font)                  OT1/lmss/m/n --> TU/lmss/m/n on input line 140.
LaTeX Font Info:    Overwriting math alphabet `\mathsf' in version `bold'
(Font)                  OT1/lmss/bx/n --> TU/lmss/b/n on input line 140.
LaTeX Font Info:    Overwriting math alphabet `\mathtt' in version `normal'
(Font)                  OT1/lmtt/m/n --> TU/lmtt/m/n on input line 140.
LaTeX Font Info:    Overwriting math alphabet `\mathtt' in version `bold'
(Font)                  OT1/lmtt/m/n --> TU/lmtt/b/n on input line 140.

Package fontspec Info: latinmodern-math scale = 1.037736183048279.


Package fontspec Info: latinmodern-math scale = 1.037736183048279.


Package fontspec Info: latinmodern-math scale = 1.037736183048279.


Package fontspec Info: Font family 'latinmodern-math.otf(0)' created for font
(fontspec)             'latinmodern-math.otf' with options
(fontspec)             [Scale=MatchLowercase,BoldItalicFont={},ItalicFont={},SmallCapsFont={},Script=Math,BoldFont={latinmodern-math.otf}].
(fontspec)              
(fontspec)              This font family consists of the following NFSS
(fontspec)             series/shapes:
(fontspec)              
(fontspec)             - 'normal' (m/n) with NFSS spec.:
(fontspec)             <->s*[1.037736183048279]"[latinmodern-math.otf]/OT:script=math;language=dflt;"
(fontspec)             - 'small caps'  (m/sc) with NFSS spec.: 
(fontspec)             - 'bold' (b/n) with NFSS spec.:
(fontspec)             <->s*[1.037736183048279]"[latinmodern-math.otf]/OT:script=math;language=dflt;"
(fontspec)             - 'bold small caps'  (b/sc) with NFSS spec.: 

LaTeX Font Info:    Font shape `TU/latinmodern-math.otf(0)/m/n' will be
(Font)              scaled to size 10.37735pt on input line 140.

Package fontspec Info: latinmodern-math scale = 1.037736183048279.


Package fontspec Info: latinmodern-math scale = 1.037736183048279.


Package fontspec Info: latinmodern-math scale = 1.037736183048279.


Package fontspec Info: latinmodern-math scale = 1.037736183048279.


Package fontspec Info: latinmodern-math scale = 1.037736183048279.


Package fontspec Info: Font family 'latinmodern-math.otf(1)' created for font
(fontspec)             'latinmodern-math.otf' with options
(fontspec)             [Scale=MatchLowercase,BoldItalicFont={},ItalicFont={},SmallCapsFont={},Script=Math,SizeFeatures={{Size=8.5-},{Size=6-8.5,Font=latinmodern-math.otf,Style=MathScript},{Size=-6,Font=latinmodern-math.otf,Style=MathScriptScript}},BoldFont={latinmodern-math.otf}].
(fontspec)              
(fontspec)              This font family consists of the following NFSS
(fontspec)             series/shapes:
(fontspec)              
(fontspec)             - 'normal' (m/n) with NFSS spec.:
(fontspec)             <8.5->s*[1.037736183048279]"[latinmodern-math.otf]/OT:script=math;language=dflt;"<6-8.5>s*[1.037736183048279]"[latinmodern-math.otf]/OT:script=math;language=dflt;+ssty=0;"<-6>s*[1.037736183048279]"[latinmodern-math.otf]/OT:script=math;language=dflt;+ssty=1;"
(fontspec)             - 'small caps'  (m/sc) with NFSS spec.: 
(fontspec)             - 'bold' (b/n) with NFSS spec.:
(fontspec)             <->s*[1.037736183048279]"[latinmodern-math.otf]/OT:script=math;language=dflt;"
(fontspec)             - 'bold small caps'  (b/sc) with NFSS spec.: 

LaTeX Font Info:    Font shape `TU/latinmodern-math.otf(1)/m/n' will be
(Font)              scaled to size 10.37735pt on input line 140.
LaTeX Font Info:    Encoding `OT1' has changed to `TU' for symbol font
(Font)              `operators' in the math version `normal' on input line 140.
LaTeX Font Info:    Overwriting symbol font `operators' in version `normal'
(Font)                  OT1/lmr/m/n --> TU/latinmodern-math.otf(1)/m/n on input line 140.
LaTeX Font Info:    Encoding `OT1' has changed to `TU' for symbol font
(Font)              `operators' in the math version `bold' on input line 140.
LaTeX Font Info:    Overwriting symbol font `operators' in version `bold'
(Font)                  OT1/lmr/bx/n --> TU/latinmodern-math.otf(1)/b/n on input line 140.

Package fontspec Info: latinmodern-math scale = 1.037736183048279.


Package fontspec Info: latinmodern-math scale = 1.037839956666584.


Package fontspec Info: latinmodern-math scale = 1.037736183048279.


Package fontspec Info: latinmodern-math scale = 1.037839956666584.


Package fontspec Info: latinmodern-math scale = 1.037736183048279.


Package fontspec Info: latinmodern-math scale = 1.037839956666584.


Package fontspec Info: latinmodern-math scale = 1.037736183048279.


Package fontspec Info: latinmodern-math scale = 1.037839956666584.


Package fontspec Info: latinmodern-math scale = 1.037736183048279.


Package fontspec Info: latinmodern-math scale = 1.037839956666584.


Package fontspec Info: Font family 'latinmodern-math.otf(2)' created for font
(fontspec)             'latinmodern-math.otf' with options
(fontspec)             [Scale=MatchLowercase,BoldItalicFont={},ItalicFont={},SmallCapsFont={},Script=Math,SizeFeatures={{Size=8.5-},{Size=6-8.5,Font=latinmodern-math.otf,Style=MathScript},{Size=-6,Font=latinmodern-math.otf,Style=MathScriptScript}},BoldFont={latinmodern-math.otf},ScaleAgain=1.0001,FontAdjustment={\fontdimen
(fontspec)             8\font =7.02547pt\relax \fontdimen 9\font
(fontspec)             =4.08867pt\relax \fontdimen 10\font =4.60754pt\relax
(fontspec)             \fontdimen 11\font =7.11887pt\relax \fontdimen 12\font
(fontspec)             =3.58018pt\relax \fontdimen 13\font =3.76698pt\relax
(fontspec)             \fontdimen 14\font =3.76698pt\relax \fontdimen 15\font
(fontspec)             =2.99905pt\relax \fontdimen 16\font =2.5632pt\relax
(fontspec)             \fontdimen 17\font =2.5632pt\relax \fontdimen 18\font
(fontspec)             =2.59435pt\relax \fontdimen 19\font =2.07547pt\relax
(fontspec)             \fontdimen 22\font =2.59435pt\relax \fontdimen 20\font
(fontspec)             =0pt\relax \fontdimen 21\font =0pt\relax }].
(fontspec)              
(fontspec)              This font family consists of the following NFSS
(fontspec)             series/shapes:
(fontspec)              
(fontspec)             - 'normal' (m/n) with NFSS spec.:
(fontspec)             <8.5->s*[1.037839956666584]"[latinmodern-math.otf]/OT:script=math;language=dflt;"<6-8.5>s*[1.037839956666584]"[latinmodern-math.otf]/OT:script=math;language=dflt;+ssty=0;"<-6>s*[1.037839956666584]"[latinmodern-math.otf]/OT:script=math;language=dflt;+ssty=1;"
(fontspec)             - 'small caps'  (m/sc) with NFSS spec.: 
(fontspec)             and font adjustment code:
(fontspec)             \fontdimen 8\font =7.02547pt\relax \fontdimen 9\font
(fontspec)             =4.08867pt\relax \fontdimen 10\font =4.60754pt\relax
(fontspec)             \fontdimen 11\font =7.11887pt\relax \fontdimen 12\font
(fontspec)             =3.58018pt\relax \fontdimen 13\font =3.76698pt\relax
(fontspec)             \fontdimen 14\font =3.76698pt\relax \fontdimen 15\font
(fontspec)             =2.99905pt\relax \fontdimen 16\font =2.5632pt\relax
(fontspec)             \fontdimen 17\font =2.5632pt\relax \fontdimen 18\font
(fontspec)             =2.59435pt\relax \fontdimen 19\font =2.07547pt\relax
(fontspec)             \fontdimen 22\font =2.59435pt\relax \fontdimen 20\font
(fontspec)             =0pt\relax \fontdimen 21\font =0pt\relax 
(fontspec)             - 'bold' (b/n) with NFSS spec.:
(fontspec)             <->s*[1.037839956666584]"[latinmodern-math.otf]/OT:script=math;language=dflt;"
(fontspec)             - 'bold small caps'  (b/sc) with NFSS spec.: 
(fontspec)             and font adjustment code:
(fontspec)             \fontdimen 8\font =7.02547pt\relax \fontdimen 9\font
(fontspec)             =4.08867pt\relax \fontdimen 10\font =4.60754pt\relax
(fontspec)             \fontdimen 11\font =7.11887pt\relax \fontdimen 12\font
(fontspec)             =3.58018pt\relax \fontdimen 13\font =3.76698pt\relax
(fontspec)             \fontdimen 14\font =3.76698pt\relax \fontdimen 15\font
(fontspec)             =2.99905pt\relax \fontdimen 16\font =2.5632pt\relax
(fontspec)             \fontdimen 17\font =2.5632pt\relax \fontdimen 18\font
(fontspec)             =2.59435pt\relax \fontdimen 19\font =2.07547pt\relax
(fontspec)             \fontdimen 22\font =2.59435pt\relax \fontdimen 20\font
(fontspec)             =0pt\relax \fontdimen 21\font =0pt\relax 

LaTeX Font Info:    Encoding `OMS' has changed to `TU' for symbol font
(Font)              `symbols' in the math version `normal' on input line 140.
LaTeX Font Info:    Overwriting symbol font `symbols' in version `normal'
(Font)                  OMS/lmsy/m/n --> TU/latinmodern-math.otf(2)/m/n on input line 140.
LaTeX Font Info:    Encoding `OMS' has changed to `TU' for symbol font
(Font)              `symbols' in the math version `bold' on input line 140.
LaTeX Font Info:    Overwriting symbol font `symbols' in version `bold'
(Font)                  OMS/lmsy/b/n --> TU/latinmodern-math.otf(2)/b/n on input line 140.

Package fontspec Info: latinmodern-math scale = 1.037736183048279.


Package fontspec Info: latinmodern-math scale = 1.037632409429974.


Package fontspec Info: latinmodern-math scale = 1.037736183048279.


Package fontspec Info: latinmodern-math scale = 1.037632409429974.


Package fontspec Info: latinmodern-math scale = 1.037736183048279.


Package fontspec Info: latinmodern-math scale = 1.037632409429974.


Package fontspec Info: latinmodern-math scale = 1.037736183048279.


Package fontspec Info: latinmodern-math scale = 1.037632409429974.


Package fontspec Info: latinmodern-math scale = 1.037736183048279.


Package fontspec Info: latinmodern-math scale = 1.037632409429974.


Package fontspec Info: Font family 'latinmodern-math.otf(3)' created for font
(fontspec)             'latinmodern-math.otf' with options
(fontspec)             [Scale=MatchLowercase,BoldItalicFont={},ItalicFont={},SmallCapsFont={},Script=Math,SizeFeatures={{Size=8.5-},{Size=6-8.5,Font=latinmodern-math.otf,Style=MathScript},{Size=-6,Font=latinmodern-math.otf,Style=MathScriptScript}},BoldFont={latinmodern-math.otf},ScaleAgain=0.9999,FontAdjustment={\fontdimen
(fontspec)             8\font =0.4151pt\relax \fontdimen 9\font
(fontspec)             =2.07547pt\relax \fontdimen 10\font =1.73302pt\relax
(fontspec)             \fontdimen 11\font =1.15189pt\relax \fontdimen 12\font
(fontspec)             =6.22641pt\relax \fontdimen 13\font =0pt\relax }].
(fontspec)              
(fontspec)              This font family consists of the following NFSS
(fontspec)             series/shapes:
(fontspec)              
(fontspec)             - 'normal' (m/n) with NFSS spec.:
(fontspec)             <8.5->s*[1.037632409429974]"[latinmodern-math.otf]/OT:script=math;language=dflt;"<6-8.5>s*[1.037632409429974]"[latinmodern-math.otf]/OT:script=math;language=dflt;+ssty=0;"<-6>s*[1.037632409429974]"[latinmodern-math.otf]/OT:script=math;language=dflt;+ssty=1;"
(fontspec)             - 'small caps'  (m/sc) with NFSS spec.: 
(fontspec)             and font adjustment code:
(fontspec)             \fontdimen 8\font =0.4151pt\relax \fontdimen 9\font
(fontspec)             =2.07547pt\relax \fontdimen 10\font =1.73302pt\relax
(fontspec)             \fontdimen 11\font =1.15189pt\relax \fontdimen 12\font
(fontspec)             =6.22641pt\relax \fontdimen 13\font =0pt\relax 
(fontspec)             - 'bold' (b/n) with NFSS spec.:
(fontspec)             <->s*[1.037632409429974]"[latinmodern-math.otf]/OT:script=math;language=dflt;"
(fontspec)             - 'bold small caps'  (b/sc) with NFSS spec.: 
(fontspec)             and font adjustment code:
(fontspec)             \fontdimen 8\font =0.4151pt\relax \fontdimen 9\font
(fontspec)             =2.07547pt\relax \fontdimen 10\font =1.73302pt\relax
(fontspec)             \fontdimen 11\font =1.15189pt\relax \fontdimen 12\font
(fontspec)             =6.22641pt\relax \fontdimen 13\font =0pt\relax 

LaTeX Font Info:    Encoding `OMX' has changed to `TU' for symbol font
(Font)              `largesymbols' in the math version `normal' on input line 140.
LaTeX Font Info:    Overwriting symbol font `largesymbols' in version `normal'
(Font)                  OMX/lmex/m/n --> TU/latinmodern-math.otf(3)/m/n on input line 140.
LaTeX Font Info:    Encoding `OMX' has changed to `TU' for symbol font
(Font)              `largesymbols' in the math version `bold' on input line 140.
LaTeX Font Info:    Overwriting symbol font `largesymbols' in version `bold'
(Font)                  OMX/lmex/m/n --> TU/latinmodern-math.otf(3)/b/n on input line 140.
Package hyperref Info: Link coloring OFF on input line 140.
(/home/jose/.TinyTeX/texmf-dist/tex/latex/hyperref/nameref.sty
Package: nameref 2021-04-02 v2.47 Cross-referencing by name of section
(/home/jose/.TinyTeX/texmf-dist/tex/latex/refcount/refcount.sty
Package: refcount 2019/12/15 v3.6 Data extraction from label references (HO)
) (/home/jose/.TinyTeX/texmf-dist/tex/generic/gettitlestring/gettitlestring.sty
Package: gettitlestring 2019/12/15 v1.6 Cleanup title references (HO)
)
\c@section@level=\count362
)
LaTeX Info: Redefining \ref on input line 140.
LaTeX Info: Redefining \pageref on input line 140.
LaTeX Info: Redefining \nameref on input line 140.
(./_main.out) (./_main.out)
\@outlinefile=\write3
\openout3 = `_main.out'.

*geometry* driver: auto-detecting
*geometry* detected driver: xetex
*geometry* verbose mode - [ preamble ] result:
* driver: xetex
* paper: <default>
* layout: <same size as paper>
* layoutoffset:(h,v)=(0.0pt,0.0pt)
* modes: twoside 
* h-part:(L,W,R)=(72.2698pt, 469.75539pt, 72.2698pt)
* v-part:(T,H,B)=(72.2698pt, 650.43037pt, 72.2698pt)
* \paperwidth=614.295pt
* \paperheight=794.96999pt
* \textwidth=469.75539pt
* \textheight=650.43037pt
* \oddsidemargin=-0.00018pt
* \evensidemargin=-0.00018pt
* \topmargin=-30.06767pt
* \headheight=12.0pt
* \headsep=18.06749pt
* \topskip=10.0pt
* \footskip=25.29494pt
* \marginparwidth=125.0pt
* \marginparsep=7.0pt
* \columnsep=10.0pt
* \skip\footins=9.0pt plus 4.0pt minus 2.0pt
* \hoffset=0.0pt
* \voffset=0.0pt
* \mag=1000
* \@twocolumnfalse
* \@twosidetrue
* \@mparswitchtrue
* \@reversemarginfalse
* (1in=72.27pt=25.4mm, 1cm=28.453pt)

Package scrlayer Info: Setting magic \footheight to \baselineskip while
(scrlayer)             \begin{document} on input line 140.
LaTeX Info: Redefining \rmfamily on input line 140.
LaTeX Info: Redefining \sffamily on input line 140.
LaTeX Info: Redefining \ttfamily on input line 140.
File: images/UCV.png Graphic file (type bmp)
<images/UCV.png>
LaTeX Font Info:    Font shape `TU/TimesNewRoman(0)/m/n' will be
(Font)              scaled to size 12.0pt on input line 156.
LaTeX Font Info:    Font shape `TU/TimesNewRoman(0)/b/n' will be
(Font)              scaled to size 12.0pt on input line 156.
[1

] [2]
LaTeX Font Info:    Font shape `TU/TimesNewRoman(0)/m/n' will be
(Font)              scaled to size 24.88pt on input line 200.
LaTeX Font Info:    Font shape `TU/TimesNewRoman(0)/b/n' will be
(Font)              scaled to size 24.88pt on input line 200.
(./_main.toc
LaTeX Info: Redefining \rmfamily on input line 1.
LaTeX Info: Redefining \sffamily on input line 1.
LaTeX Info: Redefining \ttfamily on input line 1.
LaTeX Font Info:    Font shape `TU/latinmodern-math.otf(1)/m/n' will be
(Font)              scaled to size 12.45282pt on input line 4.
LaTeX Font Info:    Font shape `TU/latinmodern-math.otf(1)/m/n' will be
(Font)              scaled to size 8.30188pt on input line 4.
LaTeX Font Info:    Font shape `TU/latinmodern-math.otf(1)/m/n' will be
(Font)              scaled to size 6.22641pt on input line 4.
LaTeX Font Info:    Trying to load font information for OML+lmm on input line 4.
(/home/jose/.TinyTeX/texmf-dist/tex/latex/lm/omllmm.fd
File: omllmm.fd 2015/05/01 v1.6.1 Font defs for Latin Modern
)
LaTeX Font Info:    Font shape `TU/latinmodern-math.otf(2)/m/n' will be
(Font)              scaled to size 12.4541pt on input line 4.
LaTeX Font Info:    Font shape `TU/latinmodern-math.otf(2)/m/n' will be
(Font)              scaled to size 8.30273pt on input line 4.
LaTeX Font Info:    Font shape `TU/latinmodern-math.otf(2)/m/n' will be
(Font)              scaled to size 6.22705pt on input line 4.
LaTeX Font Info:    Font shape `TU/latinmodern-math.otf(3)/m/n' will be
(Font)              scaled to size 12.45154pt on input line 4.
LaTeX Font Info:    Font shape `TU/latinmodern-math.otf(3)/m/n' will be
(Font)              scaled to size 8.30103pt on input line 4.
LaTeX Font Info:    Font shape `TU/latinmodern-math.otf(3)/m/n' will be
(Font)              scaled to size 6.22577pt on input line 4.
LaTeX Font Info:    Trying to load font information for U+msa on input line 4.
(/home/jose/.TinyTeX/texmf-dist/tex/latex/amsfonts/umsa.fd
File: umsa.fd 2013/01/14 v3.01 AMS symbols A
)
LaTeX Font Info:    Trying to load font information for U+msb on input line 4.
(/home/jose/.TinyTeX/texmf-dist/tex/latex/amsfonts/umsb.fd
File: umsb.fd 2013/01/14 v3.01 AMS symbols B
)
LaTeX Font Info:    Font shape `TU/TimesNewRoman(0)/b/it' will be
(Font)              scaled to size 12.0pt on input line 13.
LaTeX Font Info:    Font shape `TU/TimesNewRoman(0)/m/sl' in size <10> not available
(Font)              Font shape `TU/TimesNewRoman(0)/m/it' tried instead on input line 28.
LaTeX Font Info:    Font shape `TU/TimesNewRoman(0)/m/it' will be
(Font)              scaled to size 10.0pt on input line 28.
LaTeX Font Info:    Font shape `TU/latinmodern-math.otf(1)/m/n' will be
(Font)              scaled to size 7.26414pt on input line 28.
LaTeX Font Info:    Font shape `TU/latinmodern-math.otf(1)/m/n' will be
(Font)              scaled to size 5.18867pt on input line 28.
LaTeX Font Info:    Font shape `TU/latinmodern-math.otf(2)/m/n' will be
(Font)              scaled to size 10.37842pt on input line 28.
LaTeX Font Info:    Font shape `TU/latinmodern-math.otf(2)/m/n' will be
(Font)              scaled to size 7.2649pt on input line 28.
LaTeX Font Info:    Font shape `TU/latinmodern-math.otf(2)/m/n' will be
(Font)              scaled to size 5.18921pt on input line 28.
LaTeX Font Info:    Font shape `TU/latinmodern-math.otf(3)/m/n' will be
(Font)              scaled to size 10.37628pt on input line 28.
LaTeX Font Info:    Font shape `TU/latinmodern-math.otf(3)/m/n' will be
(Font)              scaled to size 7.2634pt on input line 28.
LaTeX Font Info:    Font shape `TU/latinmodern-math.otf(3)/m/n' will be
(Font)              scaled to size 5.18814pt on input line 28.
[3

]
LaTeX Font Info:    Font shape `TU/TimesNewRoman(0)/m/it' will be
(Font)              scaled to size 12.0pt on input line 29.
)
\tf@toc=\write4
\openout4 = `_main.toc'.


Package scrlayer-scrpage Warning: \headheight to low.
(scrlayer-scrpage)                At least 12.39886pt needed,
(scrlayer-scrpage)                but only 12.0pt found.
(scrlayer-scrpage)                I'll enlarge \headheight, for further
(scrlayer-scrpage)                processing, but you should do this yourself,
(scrlayer-scrpage)                e.g., setting geometry's option
(scrlayer-scrpage)                `head=12.39886pt'.
(scrlayer-scrpage)                I'll also decrease \topmargin on input line 202.


Overfull \vbox (0.39886pt too high) has occurred while \output is active []

[4] (./_main.lof
LaTeX Info: Redefining \rmfamily on input line 1.
LaTeX Info: Redefining \sffamily on input line 1.
LaTeX Info: Redefining \ttfamily on input line 1.
)
\tf@lof=\write5
\openout5 = `_main.lof'.

[5

] (./_main.lot
LaTeX Info: Redefining \rmfamily on input line 1.
LaTeX Info: Redefining \sffamily on input line 1.
LaTeX Info: Redefining \ttfamily on input line 1.
)
\tf@lot=\write6
\openout6 = `_main.lot'.

[6

] [1


]
Captulo 1.
LaTeX Font Info:    Font shape `TU/TimesNewRoman(0)/m/n' will be
(Font)              scaled to size 20.74pt on input line 218.
LaTeX Font Info:    Font shape `TU/TimesNewRoman(0)/b/n' will be
(Font)              scaled to size 20.74pt on input line 218.

Underfull \hbox (badness 3302) in paragraph at lines 220--221
\TU/TimesNewRoman(0)/b/n/12 Saber UCV (SSCSU)\TU/TimesNewRoman(0)/m/n/12 . Posteriormente se introducen los \TU/TimesNewRoman(0)/b/n/12 Sistemas de Recuperacin de
 []

LaTeX Font Info:    Font shape `TU/TimesNewRoman(0)/m/n' will be
(Font)              scaled to size 14.4pt on input line 223.
LaTeX Font Info:    Font shape `TU/TimesNewRoman(0)/b/n' will be
(Font)              scaled to size 14.4pt on input line 223.
LaTeX Font Info:    Font shape `TU/TimesNewRoman(0)/m/n' will be
(Font)              scaled to size 8.0pt on input line 229.
LaTeX Font Info:    Font shape `TU/TimesNewRoman(0)/m/n' will be
(Font)              scaled to size 6.0pt on input line 229.
LaTeX Font Info:    Font shape `TU/TimesNewRoman(0)/m/it' will be
(Font)              scaled to size 8.0pt on input line 229.
[2

]
Underfull \hbox (badness 2142) in paragraph at lines 231--232
[]\TU/TimesNewRoman(0)/m/n/12 La SSCSU ser desarrollada basndose en los principios que definen a los Sistemas de
 []


Underfull \hbox (badness 1342) in paragraph at lines 231--232
\TU/TimesNewRoman(0)/m/n/12 Recuperacin de Informacin []2.3[] y se conformar un conjunto delimitado de documentos
 []

[3] [4] [5]
LaTeX Font Info:    Font shape `TU/TimesNewRoman(0)/b/n' will be
(Font)              scaled to size 10.0pt on input line 283.
File: images/01-intro/ficha_registro.png Graphic file (type bmp)
<images/01-intro/ficha_registro.png>
LaTeX Font Info:    Font shape `TU/TimesNewRoman(0)/m/n' will be
(Font)              scaled to size 11.0pt on input line 315.

Package fontspec Info: DejaVu Sans scale = 0.8178550683465191.


Package fontspec Info: DejaVu Sans scale = 0.8178550683465191.


Package fontspec Info: DejaVu Sans/B scale = 0.8178550683465191.


Package fontspec Info: DejaVu Sans/I scale = 0.8178550683465191.


Package fontspec Info: DejaVu Sans/BI scale = 0.8178550683465191.


Package fontspec Info: Font family 'DejaVuSans(0)' created for font 'DejaVu
(fontspec)             Sans' with options
(fontspec)             [Scale=MatchLowercase,Ligatures=TeX,Scale=1].
(fontspec)              
(fontspec)              This font family consists of the following NFSS
(fontspec)             series/shapes:
(fontspec)              
(fontspec)             - 'normal' (m/n) with NFSS spec.: <->s*[1]"DejaVu
(fontspec)             Sans/OT:script=latn;language=dflt;mapping=tex-text;"
(fontspec)             - 'small caps'  (m/sc) with NFSS spec.: 
(fontspec)             - 'bold' (b/n) with NFSS spec.: <->s*[1]"DejaVu
(fontspec)             Sans/B/OT:script=latn;language=dflt;mapping=tex-text;"
(fontspec)             - 'bold small caps'  (b/sc) with NFSS spec.: 
(fontspec)             - 'italic' (m/it) with NFSS spec.: <->s*[1]"DejaVu
(fontspec)             Sans/I/OT:script=latn;language=dflt;mapping=tex-text;"
(fontspec)             - 'italic small caps'  (m/scit) with NFSS spec.: 
(fontspec)             - 'bold italic' (b/it) with NFSS spec.: <->s*[1]"DejaVu
(fontspec)             Sans/BI/OT:script=latn;language=dflt;mapping=tex-text;"
(fontspec)             - 'bold italic small caps'  (b/scit) with NFSS spec.: 

LaTeX Font Info:    Font shape `TU/DejaVuSans(0)/m/n' will be
(Font)              scaled to size 11.0pt on input line 315.

Package fontspec Info: DejaVu Sans scale = 0.8178550683465191.


Package fontspec Info: DejaVu Sans scale = 0.8178550683465191.


Package fontspec Info: DejaVu Sans scale = 0.8178550683465191.


Package fontspec Info: DejaVu Sans scale = 0.8178550683465191.


Package fontspec Info: DejaVu Sans scale = 0.8178550683465191.


Package fontspec Info: DejaVu Sans scale = 0.8178550683465191.


Package fontspec Info: DejaVu Sans scale = 0.8178550683465191.


Package fontspec Info: DejaVu Sans scale = 0.8178550683465191.


Package fontspec Info: DejaVu Sans scale = 0.8178550683465191.


Package fontspec Info: DejaVu Sans scale = 0.8178550683465191.


Package fontspec Info: DejaVu Sans scale = 0.8178550683465191.


Package fontspec Info: DejaVu Sans scale = 0.8178550683465191.

LaTeX Font Info:    Font shape `TU/DejaVuSans(0)/b/n' will be
(Font)              scaled to size 11.0pt on input line 353.

Package fontspec Info: DejaVu Sans scale = 0.8178550683465191.

File: _main_files/figure-latex/anos-1.pdf Graphic file (type pdf)
<use _main_files/figure-latex/anos-1.pdf>
[6] [7]
Underfull \hbox (badness 1874) in paragraph at lines 395--396
[]\TU/TimesNewRoman(0)/m/n/12 El repositorio SABER UCV permite realizar bsqueda de documentos mediante procesos
 []


Underfull \hbox (badness 2875) in paragraph at lines 395--396
\TU/TimesNewRoman(0)/m/n/12 de recuperacin de informacin, no obstante hay algunas caractersticas que pueden ser
 []

[8]
LaTeX Font Info:    Font shape `TU/TimesNewRoman(0)/b/it' will be
(Font)              scaled to size 10.0pt on input line 416.
File: images/01-intro/jesus_saber.png Graphic file (type bmp)
<images/01-intro/jesus_saber.png>
[9]
File: images/01-intro/texto_saber.png Graphic file (type bmp)
<images/01-intro/texto_saber.png>
[10]
Underfull \hbox (badness 1924) in paragraph at lines 455--456
[]\TU/TimesNewRoman(0)/m/n/12 Otra investigacin que podemos sealar es Sistema de recomendacin para el Buscador
 []

[11] [12]
Captulo 2.

Underfull \hbox (badness 1077) in paragraph at lines 480--481
[]\TU/TimesNewRoman(0)/m/n/12 No obstante con el desarrollo del almacenamiento en memoria \TU/TimesNewRoman(0)/m/it/12 RAM \TU/TimesNewRoman(0)/m/n/12 o en dispositivos de
 []

[13

] [14] [15]
File: images/02-marco-teorico/busquedaacm.png Graphic file (type bmp)
<images/02-marco-teorico/busquedaacm.png>
[16] [17]
Underfull \hbox (badness 1033) in paragraph at lines 579--580
\TU/TimesNewRoman(0)/m/n/12 del desarrollo de nuestra investigacin indicaremos en cunto se incremento el espacio de
 []

[18]

LaTeX Warning: Reference `(' on page 19 undefined on input line 599.

LaTeX Font Info:    Font shape `TU/TimesNewRoman(0)/b/n' will be
(Font)              scaled to size 8.0pt on input line 603.
[19] [20]
Underfull \hbox (badness 1184) in paragraph at lines 668--669
\TU/TimesNewRoman(0)/m/n/12 representaciones que aportan un mayor significado. Los procesamientos inherentes al NLP
 []

[21]
Underfull \hbox (badness 1184) in paragraph at lines 675--676
[]\TU/TimesNewRoman(0)/m/n/12 Para la representacin visual se usan los grafos representando cada palabra un nodo y la
 []

File: images/02-marco-teorico/cooc.png Graphic file (type bmp)
<images/02-marco-teorico/cooc.png>
[22]
LaTeX Font Info:    Font shape `TU/TimesNewRoman(1)/m/n' will be
(Font)              scaled to size 12.0pt on input line 698.
LaTeX Font Info:    Font shape `TU/TimesNewRoman(1)/m/n' will be
(Font)              scaled to size 8.0pt on input line 698.
LaTeX Font Info:    Font shape `TU/TimesNewRoman(1)/m/n' will be
(Font)              scaled to size 6.0pt on input line 698.
LaTeX Font Info:    Font shape `TU/TimesNewRoman(1)/b/n' will be
(Font)              scaled to size 11.7561pt on input line 698.
LaTeX Font Info:    Font shape `TU/TimesNewRoman(1)/b/n' will be
(Font)              scaled to size 7.8374pt on input line 698.
LaTeX Font Info:    Font shape `TU/TimesNewRoman(1)/b/n' will be
(Font)              scaled to size 5.87805pt on input line 698.

Package amsmath Warning: Foreign command \over;
(amsmath)                \frac or \genfrac should be used instead
(amsmath)                 on input line 698.


Underfull \hbox (badness 1248) in paragraph at lines 705--706
\TU/TimesNewRoman(0)/m/n/12 para la representacin como lo son los \TU/TimesNewRoman(0)/m/it/12 words embeddings \TU/TimesNewRoman(0)/m/n/12 que son obtenidos mediante el
 []

LaTeX Font Info:    Font shape `TU/TimesNewRoman(1)/m/n' will be
(Font)              scaled to size 10.0pt on input line 734.
LaTeX Font Info:    Font shape `TU/TimesNewRoman(1)/m/n' will be
(Font)              scaled to size 7.0pt on input line 734.
LaTeX Font Info:    Font shape `TU/TimesNewRoman(1)/m/n' will be
(Font)              scaled to size 5.0pt on input line 734.
LaTeX Font Info:    Font shape `TU/TimesNewRoman(1)/b/n' will be
(Font)              scaled to size 9.79675pt on input line 734.
LaTeX Font Info:    Font shape `TU/TimesNewRoman(1)/b/n' will be
(Font)              scaled to size 6.85773pt on input line 734.
LaTeX Font Info:    Font shape `TU/TimesNewRoman(1)/b/n' will be
(Font)              scaled to size 4.89838pt on input line 734.
[23] [24]

Package hyperref Warning: Difference (2) between bookmark levels is greater 
(hyperref)                than one, level fixed on input line 758.

[25]
Captulo 3.

Underfull \hbox (badness 1168) in paragraph at lines 798--799
[]\TU/TimesNewRoman(0)/m/n/12 Crear una Solucin que permita realizar la clasificacin de documentos y la bsqueda de
 []

[26

]
Overfull \hbox (4.78674pt too wide) in paragraph at lines 807--809
[]\TU/TimesNewRoman(0)/m/it/12 Querys \TU/TimesNewRoman(0)/m/n/12 multi atributo en distintas dimensiones: tiempo, jerarquas (pregrado, especializaciones,
 []

File: formas/diagramageneral.png Graphic file (type bmp)
<formas/diagramageneral.png>

Underfull \hbox (badness 10000) in paragraph at lines 838--838
[][]
 []

[27]
File: formas/diagrama_docker1.pdf Graphic file (type pdf)
<use formas/diagrama_docker1.pdf>
[28] [29]
Underfull \hbox (badness 1014) in paragraph at lines 903--904
[]\TU/TimesNewRoman(0)/m/n/12 Es una implementacin del servidor \TU/TimesNewRoman(0)/m/it/12 Spring boo\TU/TimesNewRoman(0)/m/n/12 t que dar servicio a las aplicacin web
 []

[30] [31]
Underfull \hbox (badness 1052) in paragraph at lines 965--967
[]\TU/TimesNewRoman(0)/m/n/12 Una tabla creada con la librera \TU/TimesNewRoman(0)/m/it/12 reactable\TU/TimesNewRoman(0)/m/n/12 . En la misma se muestra cada uno de los
 []


Underfull \hbox (badness 1546) in paragraph at lines 965--967
\TU/TimesNewRoman(0)/m/n/12 documentos recuperados con los distintos atributos disponibles: autor, fecha, palabras
 []

[32] [33]
Underfull \hbox (badness 2359) in paragraph at lines 1011--1012
[]\TU/TimesNewRoman(0)/m/n/12 Procesos que se ejecutan llamando al contenedor Python Spacy: Tokenizacin, POS y
 []


Underfull \hbox (badness 2277) in paragraph at lines 1028--1029
[]\TU/TimesNewRoman(0)/m/n/12 Se cre una imagen que contiene un ubuntu con python, spacy y el modelo de Spacy
 []


Package fontspec Info: DejaVu Sans scale = 0.8178550683465191.


Package fontspec Info: DejaVu Sans scale = 0.8178550683465191.


Package fontspec Info: DejaVu Sans scale = 0.8178550683465191.


Package fontspec Info: DejaVu Sans scale = 0.8178550683465191.


Package fontspec Info: DejaVu Sans scale = 0.8178550683465191.


Overfull \hbox (58.30257pt too wide) in alignment at lines 1048--1059
 [] [] [] [] [] 
 []


Package fontspec Info: DejaVu Sans scale = 0.8178550683465191.


Package fontspec Info: DejaVu Sans scale = 0.8178550683465191.


Package fontspec Info: DejaVu Sans scale = 0.8178550683465191.


Package fontspec Info: DejaVu Sans scale = 0.8178550683465191.


Package fontspec Info: DejaVu Sans scale = 0.8178550683465191.


Overfull \hbox (58.30257pt too wide) in alignment at lines 1059--1065
 [] [] [] [] [] 
 []


Package fontspec Info: DejaVu Sans scale = 0.8178550683465191.


Package fontspec Info: DejaVu Sans scale = 0.8178550683465191.


Package fontspec Info: DejaVu Sans scale = 0.8178550683465191.


Package fontspec Info: DejaVu Sans scale = 0.8178550683465191.


Package fontspec Info: DejaVu Sans scale = 0.8178550683465191.


Package fontspec Info: DejaVu Sans scale = 0.8178550683465191.


Package fontspec Info: DejaVu Sans scale = 0.8178550683465191.


Package fontspec Info: DejaVu Sans scale = 0.8178550683465191.


Package fontspec Info: DejaVu Sans scale = 0.8178550683465191.


Package fontspec Info: DejaVu Sans scale = 0.8178550683465191.


Package fontspec Info: DejaVu Sans scale = 0.8178550683465191.


Package fontspec Info: DejaVu Sans scale = 0.8178550683465191.


Package fontspec Info: DejaVu Sans scale = 0.8178550683465191.


Package fontspec Info: DejaVu Sans scale = 0.8178550683465191.


Package fontspec Info: DejaVu Sans scale = 0.8178550683465191.


Package fontspec Info: DejaVu Sans scale = 0.8178550683465191.


Package fontspec Info: DejaVu Sans scale = 0.8178550683465191.


Package fontspec Info: DejaVu Sans scale = 0.8178550683465191.


Package fontspec Info: DejaVu Sans scale = 0.8178550683465191.


Package fontspec Info: DejaVu Sans scale = 0.8178550683465191.


Package fontspec Info: DejaVu Sans scale = 0.8178550683465191.


Package fontspec Info: DejaVu Sans scale = 0.8178550683465191.


Package fontspec Info: DejaVu Sans scale = 0.8178550683465191.


Package fontspec Info: DejaVu Sans scale = 0.8178550683465191.


Package fontspec Info: DejaVu Sans scale = 0.8178550683465191.


Package fontspec Info: DejaVu Sans scale = 0.8178550683465191.


Package fontspec Info: DejaVu Sans scale = 0.8178550683465191.


Package fontspec Info: DejaVu Sans scale = 0.8178550683465191.


Package fontspec Info: DejaVu Sans scale = 0.8178550683465191.


Package fontspec Info: DejaVu Sans scale = 0.8178550683465191.


Package fontspec Info: DejaVu Sans scale = 0.8178550683465191.


Package fontspec Info: DejaVu Sans scale = 0.8178550683465191.


Package fontspec Info: DejaVu Sans scale = 0.8178550683465191.


Package fontspec Info: DejaVu Sans scale = 0.8178550683465191.


Package fontspec Info: DejaVu Sans scale = 0.8178550683465191.


Package fontspec Info: DejaVu Sans scale = 0.8178550683465191.


Package fontspec Info: DejaVu Sans scale = 0.8178550683465191.


Package fontspec Info: DejaVu Sans scale = 0.8178550683465191.


Package fontspec Info: DejaVu Sans scale = 0.8178550683465191.


Package fontspec Info: DejaVu Sans scale = 0.8178550683465191.


Package fontspec Info: DejaVu Sans scale = 0.8178550683465191.


Package fontspec Info: DejaVu Sans scale = 0.8178550683465191.


Package fontspec Info: DejaVu Sans scale = 0.8178550683465191.


Package fontspec Info: DejaVu Sans scale = 0.8178550683465191.


Package fontspec Info: DejaVu Sans scale = 0.8178550683465191.


Overfull \hbox (58.30257pt too wide) in alignment at lines 1065--1123
 [] [] [] [] [] 
 []

[34] (./_main.bbl [35] [36

])
The property list \polyglossia@langsetup contains the pairs (without outer
braces):
>  {latex/script}  =>  {latin}
>  {latex/lcscript}  =>  {latin}
>  {latex/scripttag}  =>  {}
>  {latex/language}  =>  {Latex}
>  {latex/langtag}  =>  {ENG}
>  {latex/bcp47}  =>  {}
>  {latex/hyphennames}  =>  {english}
>  {latex/direction}  =>  {LR}
>  {latex/hyphenmins}  =>  {2,3}
>  {latex/frenchspacing}  =>  {false}
>  {latex/indentfirst}  =>  {false}
>  {latex/fontsetup}  =>  {true}
>  {latex/envname}  =>  {latex}
>  {latex/babelname}  =>  {latex}
>  {latex/localnumeral}  =>  {polyglossia@C@localnumeral}
>  {latex/Localnumeral}  =>  {polyglossia@C@localnumeral}
>  {spanish/script}  =>  {latin}
>  {spanish/lcscript}  =>  {latin}
>  {spanish/scripttag}  =>  {}
>  {spanish/language}  =>  {Spanish}
>  {spanish/langtag}  =>  {ESP}
>  {spanish/bcp47}  =>  {es-ES}
>  {spanish/hyphennames}  =>  {spanish}
>  {spanish/direction}  =>  {LR}
>  {spanish/hyphenmins}  =>  {2,2}
>  {spanish/frenchspacing}  =>  {true}
>  {spanish/indentfirst}  =>  {true}
>  {spanish/fontsetup}  =>  {true}
>  {spanish/envname}  =>  {spanish}
>  {spanish/babelname}  =>  {spanish}
>  {spanish/localnumeral}  =>  {polyglossia@C@localnumeral}
>  {spanish/Localnumeral}  =>  {polyglossia@C@localnumeral}
>  {spanish/totalhyphenmin}  =>  {5}.
[37] (./_main.aux
LaTeX Info: Redefining \rmfamily on input line 20.
LaTeX Info: Redefining \sffamily on input line 20.
LaTeX Info: Redefining \ttfamily on input line 20.
)

LaTeX Warning: There were undefined references.


LaTeX Warning: There were multiply-defined labels.

Package rerunfilecheck Info: File `_main.out' has not changed.
(rerunfilecheck)             Checksum: 3C4C3638BF9B97916B20AAB295F0F3D9;11170.
 ) 
Here is how much of TeX's memory you used:
 22990 strings out of 478176
 451443 string characters out of 5854168
 1042201 words of memory out of 5000000
 43166 multiletter control sequences out of 15000+600000
 476437 words of font info for 124 fonts, out of 8000000 for 9000
 14 hyphenation exceptions out of 8191
 123i,21n,128p,1898b,780s stack positions out of 5000i,500n,10000p,200000b,80000s

Output written on _main.pdf (43 pages).
